<?xml version="1.0" encoding="UTF-8"?>
<!-- Generated by org.testng.reporters.JUnitXMLReporter -->
<testsuite ignored="0" hostname="DESKTOP-A1H2EAB" failures="1" tests="1" name="Register at Zintrl" time="48.679" errors="0" timestamp="2023-07-27T19:30:47 IST">
  <testcase classname="testcases.Register" name="create_Account" time="44.828">
    <failure type="java.lang.IllegalArgumentException" message="Cannot find elements when the class name expression is null.">
      <![CDATA[java.lang.IllegalArgumentException: Cannot find elements when the class name expression is null.
at org.openqa.selenium.internal.Require$ArgumentChecker.nonNull(Require.java:207)
at org.openqa.selenium.By$ByClassName.<init>(By.java:304)
at org.openqa.selenium.By.className(By.java:99)
at utility.Generic_Keyword.getLocator(Generic_Keyword.java:131)
at utility.Generic_Keyword.presenceOfElement(Generic_Keyword.java:113)
at utility.Generic_Keyword.getElement(Generic_Keyword.java:89)
at utility.Generic_Keyword.click(Generic_Keyword.java:70)
at testcases.Register.create_Account(Register.java:29)
at java.base/java.util.ArrayList.forEach(ArrayList.java:1511)
... Removed 27 stack frames]]>
    </failure>
  </testcase> <!-- create_Account -->
</testsuite> <!-- Register at Zintrl -->
